::1 - - [04/Jan/2021:13:35:58 +0000] "POST /api/users/signIn HTTP/1.1" 404 156 "-" "PostmanRuntime/7.26.3"
::1 - - [04/Jan/2021:13:36:14 +0000] "GET /api/users/signIn HTTP/1.1" 404 155 "-" "PostmanRuntime/7.26.3"
::1 - - [04/Jan/2021:13:36:49 +0000] "GET /api/v1.0.0/users/signIn HTTP/1.1" 404 162 "-" "PostmanRuntime/7.26.3"
::1 - - [04/Jan/2021:13:37:33 +0000] "GET /api/users/signIn HTTP/1.1" 404 155 "-" "PostmanRuntime/7.26.3"
::1 - - [04/Jan/2021:13:38:32 +0000] "GET /api/users/signIn HTTP/1.1" 404 155 "-" "PostmanRuntime/7.26.3"
::1 - - [04/Jan/2021:13:39:12 +0000] "GET /api/users HTTP/1.1" 404 148 "-" "PostmanRuntime/7.26.3"
::1 - - [04/Jan/2021:13:39:21 +0000] "GET /api/users/ HTTP/1.1" 404 149 "-" "PostmanRuntime/7.26.3"
::1 - - [04/Jan/2021:13:40:28 +0000] "GET /api/users HTTP/1.1" 404 148 "-" "PostmanRuntime/7.26.3"
::1 - - [04/Jan/2021:13:41:32 +0000] "GET /api/users HTTP/1.1" 404 148 "-" "PostmanRuntime/7.26.3"
::1 - - [04/Jan/2021:13:42:36 +0000] "GET /api/users HTTP/1.1" 404 148 "-" "PostmanRuntime/7.26.3"
::1 - - [04/Jan/2021:13:43:48 +0000] "GET /api/users HTTP/1.1" 404 148 "-" "PostmanRuntime/7.26.3"
::1 - - [04/Jan/2021:13:44:54 +0000] "GET /api/users HTTP/1.1" 404 148 "-" "PostmanRuntime/7.26.3"
::1 - - [04/Jan/2021:13:57:17 +0000] "GET /api/users HTTP/1.1" 404 148 "-" "PostmanRuntime/7.26.3"
::1 - - [04/Jan/2021:13:58:39 +0000] "GET /api/$%7Bversion%7D/users HTTP/1.1" 404 163 "-" "PostmanRuntime/7.26.3"
::1 - - [04/Jan/2021:13:58:50 +0000] "GET /api/version/users HTTP/1.1" 404 156 "-" "PostmanRuntime/7.26.3"
::1 - - [04/Jan/2021:13:59:39 +0000] "GET /api/users HTTP/1.1" 200 10 "-" "PostmanRuntime/7.26.3"
::1 - - [04/Jan/2021:14:00:24 +0000] "GET /api/users HTTP/1.1" 404 148 "-" "PostmanRuntime/7.26.3"
::1 - - [04/Jan/2021:14:00:48 +0000] "GET /api/v1.0.0/users HTTP/1.1" 200 10 "-" "PostmanRuntime/7.26.3"
::1 - - [04/Jan/2021:14:01:44 +0000] "GET /api/v1.0.0/users HTTP/1.1" 200 10 "-" "PostmanRuntime/7.26.3"
::1 - - [04/Jan/2021:14:01:45 +0000] "GET /api/v1.0.0/users HTTP/1.1" 200 10 "-" "PostmanRuntime/7.26.3"
::1 - - [04/Jan/2021:14:01:47 +0000] "GET /api/v1.0.0/users HTTP/1.1" 200 10 "-" "PostmanRuntime/7.26.3"
::1 - - [04/Jan/2021:14:29:40 +0000] "GET /api/v1.0.0/users HTTP/1.1" 200 10 "-" "PostmanRuntime/7.26.3"
::1 - - [04/Jan/2021:15:26:34 +0000] "GET /api/v1.0.0/users HTTP/1.1" 200 10 "-" "PostmanRuntime/7.26.3"
::1 - - [04/Jan/2021:15:26:57 +0000] "GET /api/v1.0.0/users HTTP/1.1" 200 10 "-" "PostmanRuntime/7.26.3"
::1 - - [04/Jan/2021:15:42:05 +0000] "GET /api/v1.0.0/users HTTP/1.1" 400 109 "-" "PostmanRuntime/7.26.3"
::1 - - [04/Jan/2021:15:50:34 +0000] "GET /api/v1.0.0/users HTTP/1.1" 400 154 "-" "PostmanRuntime/7.26.3"
::1 - - [04/Jan/2021:15:54:13 +0000] "GET /api/v1.0.0/users HTTP/1.1" 400 223 "-" "PostmanRuntime/7.26.3"
::1 - - [04/Jan/2021:15:57:33 +0000] "POST /api/v1.0.0/users HTTP/1.1" 404 156 "-" "PostmanRuntime/7.26.3"
::1 - - [04/Jan/2021:15:58:01 +0000] "POST /api/v1.0.0/users HTTP/1.1" 200 10 "-" "PostmanRuntime/7.26.3"
::1 - - [04/Jan/2021:16:50:47 +0000] "POST /api/v1.0.0/users HTTP/1.1" 500 26 "-" "PostmanRuntime/7.26.3"
::1 - - [04/Jan/2021:16:51:58 +0000] "POST /api/v1.0.0/users HTTP/1.1" 500 26 "-" "PostmanRuntime/7.26.3"
::1 - - [04/Jan/2021:16:53:22 +0000] "POST /api/v1.0.0/users HTTP/1.1" 500 26 "-" "PostmanRuntime/7.26.3"
::1 - - [04/Jan/2021:16:54:08 +0000] "POST /api/v1.0.0/users HTTP/1.1" 500 26 "-" "PostmanRuntime/7.26.3"
::1 - - [04/Jan/2021:16:55:14 +0000] "POST /api/v1.0.0/users HTTP/1.1" 200 39 "-" "PostmanRuntime/7.26.3"
::1 - - [04/Jan/2021:16:56:31 +0000] "POST /api/v1.0.0/users HTTP/1.1" 200 39 "-" "PostmanRuntime/7.26.3"
::1 - - [04/Jan/2021:16:58:26 +0000] "POST /api/v1.0.0/users HTTP/1.1" 500 26 "-" "PostmanRuntime/7.26.3"
::1 - - [04/Jan/2021:16:59:13 +0000] "POST /api/v1.0.0/users HTTP/1.1" 500 26 "-" "PostmanRuntime/7.26.3"
::1 - - [04/Jan/2021:16:59:16 +0000] "POST /api/v1.0.0/users HTTP/1.1" 500 26 "-" "PostmanRuntime/7.26.3"
::1 - - [04/Jan/2021:16:59:58 +0000] "POST /api/v1.0.0/users HTTP/1.1" 500 26 "-" "PostmanRuntime/7.26.3"
::1 - - [04/Jan/2021:17:00:04 +0000] "POST /api/v1.0.0/users HTTP/1.1" 500 26 "-" "PostmanRuntime/7.26.3"
::1 - - [04/Jan/2021:17:04:09 +0000] "POST /api/v1.0.0/users HTTP/1.1" 500 26 "-" "PostmanRuntime/7.26.3"
::1 - - [04/Jan/2021:17:05:19 +0000] "POST /api/v1.0.0/users HTTP/1.1" 500 26 "-" "PostmanRuntime/7.26.3"
::1 - - [04/Jan/2021:17:05:33 +0000] "POST /api/v1.0.0/users HTTP/1.1" 500 26 "-" "PostmanRuntime/7.26.3"
::1 - - [04/Jan/2021:17:06:26 +0000] "POST /api/v1.0.0/users HTTP/1.1" 500 26 "-" "PostmanRuntime/7.26.3"
::1 - - [04/Jan/2021:17:06:28 +0000] "POST /api/v1.0.0/users HTTP/1.1" 500 26 "-" "PostmanRuntime/7.26.3"
::1 - - [04/Jan/2021:17:08:24 +0000] "POST /api/v1.0.0/users HTTP/1.1" 200 39 "-" "PostmanRuntime/7.26.3"
::1 - - [04/Jan/2021:17:17:56 +0000] "POST /api/v1.0.0/users HTTP/1.1" 400 42 "-" "PostmanRuntime/7.26.3"
::1 - - [04/Jan/2021:17:33:47 +0000] "POST /api/v1.0.0/users HTTP/1.1" 200 233 "-" "PostmanRuntime/7.26.3"
::1 - - [04/Jan/2021:17:35:29 +0000] "POST /api/v1.0.0/users HTTP/1.1" 200 565 "-" "PostmanRuntime/7.26.3"
::1 - - [04/Jan/2021:17:49:01 +0000] "POST /api/v1.0.0/users HTTP/1.1" 200 405 "-" "PostmanRuntime/7.26.3"
::1 - - [04/Jan/2021:17:56:06 +0000] "POST /api/v1.0.0/users HTTP/1.1" 500 26 "-" "PostmanRuntime/7.26.3"
::1 - - [04/Jan/2021:17:57:17 +0000] "POST /api/v1.0.0/users HTTP/1.1" 200 405 "-" "PostmanRuntime/7.26.3"
::1 - - [04/Jan/2021:22:52:33 +0000] "POST /api/v1.0.0/users HTTP/1.1" 200 405 "-" "PostmanRuntime/7.26.3"
::1 - - [04/Jan/2021:22:52:57 +0000] "GET /api/v1.0.0/auth HTTP/1.1" 401 40 "-" "PostmanRuntime/7.26.3"
::1 - - [04/Jan/2021:22:53:53 +0000] "GET /api/v1.0.0/auth HTTP/1.1" 200 164 "-" "PostmanRuntime/7.26.3"
::1 - - [04/Jan/2021:23:32:25 +0000] "POST /api/v1.0.0/auth HTTP/1.1" 500 26 "-" "PostmanRuntime/7.26.3"
::1 - - [04/Jan/2021:23:35:32 +0000] "POST /api/v1.0.0/auth HTTP/1.1" 500 26 "-" "PostmanRuntime/7.26.3"
::1 - - [04/Jan/2021:23:35:34 +0000] "POST /api/v1.0.0/auth HTTP/1.1" 500 26 "-" "PostmanRuntime/7.26.3"
::1 - - [04/Jan/2021:23:38:01 +0000] "POST /api/v1.0.0/auth HTTP/1.1" 500 26 "-" "PostmanRuntime/7.26.3"
::1 - - [04/Jan/2021:23:43:14 +0000] "POST /api/v1.0.0/auth HTTP/1.1" 500 26 "-" "PostmanRuntime/7.26.3"
::1 - - [04/Jan/2021:23:43:34 +0000] "POST /api/v1.0.0/auth HTTP/1.1" 500 26 "-" "PostmanRuntime/7.26.3"
::1 - - [04/Jan/2021:23:45:07 +0000] "POST /api/v1.0.0/auth HTTP/1.1" 500 26 "-" "PostmanRuntime/7.26.3"
::1 - - [04/Jan/2021:23:48:40 +0000] "POST /api/v1.0.0/auth HTTP/1.1" 500 26 "-" "PostmanRuntime/7.26.3"
::1 - - [04/Jan/2021:23:48:57 +0000] "POST /api/v1.0.0/auth HTTP/1.1" 500 26 "-" "PostmanRuntime/7.26.3"
::1 - - [04/Jan/2021:23:50:16 +0000] "POST /api/v1.0.0/auth HTTP/1.1" 400 80 "-" "PostmanRuntime/7.26.3"
::1 - - [04/Jan/2021:23:50:28 +0000] "POST /api/v1.0.0/auth HTTP/1.1" 500 26 "-" "PostmanRuntime/7.26.3"
::1 - - [05/Jan/2021:06:16:02 +0000] "POST /api/v1.0.0/auth HTTP/1.1" 500 26 "-" "PostmanRuntime/7.26.3"
::1 - - [05/Jan/2021:06:23:40 +0000] "POST /api/v1.0.0/auth HTTP/1.1" 200 405 "-" "PostmanRuntime/7.26.3"
::1 - - [05/Jan/2021:06:27:42 +0000] "POST /api/v1.0.0/auth HTTP/1.1" 200 403 "-" "PostmanRuntime/7.26.3"
::1 - - [05/Jan/2021:06:27:53 +0000] "POST /api/v1.0.0/auth HTTP/1.1" 200 403 "-" "PostmanRuntime/7.26.3"
::1 - - [05/Jan/2021:06:28:03 +0000] "POST /api/v1.0.0/auth HTTP/1.1" 200 403 "-" "PostmanRuntime/7.26.3"
::1 - - [05/Jan/2021:06:28:05 +0000] "POST /api/v1.0.0/auth HTTP/1.1" 200 403 "-" "PostmanRuntime/7.26.3"
::1 - - [05/Jan/2021:10:07:57 +0000] "POST /api/v1.0.0/auth HTTP/1.1" 400 42 "-" "PostmanRuntime/7.26.3"
::1 - - [05/Jan/2021:12:07:12 +0000] "POST /api/v1.0.0/auth HTTP/1.1" 200 403 "-" "PostmanRuntime/7.26.3"
::1 - - [05/Jan/2021:12:07:53 +0000] "GET /api/v1.0.0/profile/me HTTP/1.1" 400 43 "-" "PostmanRuntime/7.26.3"
::1 - - [05/Jan/2021:21:09:00 +0000] "POST /api/v1.0.0/auth HTTP/1.1" 200 403 "-" "PostmanRuntime/7.26.3"
::1 - - [05/Jan/2021:21:10:01 +0000] "POST /api/v1.0.0/profile HTTP/1.1" 500 26 "-" "PostmanRuntime/7.26.3"
::1 - - [05/Jan/2021:21:10:58 +0000] "POST /api/v1.0.0/profile HTTP/1.1" - - "-" "PostmanRuntime/7.26.3"
::1 - - [05/Jan/2021:21:12:25 +0000] "POST /api/v1.0.0/profile HTTP/1.1" 200 486 "-" "PostmanRuntime/7.26.3"
::1 - - [05/Jan/2021:21:16:55 +0000] "POST /api/v1.0.0/profile HTTP/1.1" 200 486 "-" "PostmanRuntime/7.26.3"
::1 - - [05/Jan/2021:21:20:02 +0000] "POST /api/v1.0.0/profile HTTP/1.1" 200 486 "-" "PostmanRuntime/7.26.3"
::1 - - [05/Jan/2021:21:22:50 +0000] "POST /api/v1.0.0/profile HTTP/1.1" 200 486 "-" "PostmanRuntime/7.26.3"
::1 - - [05/Jan/2021:21:27:14 +0000] "POST /api/v1.0.0/profile HTTP/1.1" 200 773 "-" "PostmanRuntime/7.26.3"
::1 - - [05/Jan/2021:21:28:03 +0000] "GET /api/v1.0.0/profile/me HTTP/1.1" 400 43 "-" "PostmanRuntime/7.26.3"
::1 - - [05/Jan/2021:21:28:39 +0000] "GET /api/v1.0.0/profile/me HTTP/1.1" 200 779 "-" "PostmanRuntime/7.26.3"
::1 - - [05/Jan/2021:23:43:45 +0000] "GET /api/v1.0.0/profile HTTP/1.1" 200 781 "-" "PostmanRuntime/7.26.3"
::1 - - [05/Jan/2021:23:48:04 +0000] "GET /api/v1.0.0/profile HTTP/1.1" 200 867 "-" "PostmanRuntime/7.26.3"
::1 - - [06/Jan/2021:00:09:40 +0000] "GET /api/v1.0.0/profile/user/5ff356fd7e2b642d0de95e0e HTTP/1.1" 200 865 "-" "PostmanRuntime/7.26.3"
::1 - - [07/Jan/2021:15:29:28 +0000] "POST /api/v1.0.0/auth HTTP/1.1" 200 489 "-" "PostmanRuntime/7.26.3"
::1 - - [07/Jan/2021:15:30:15 +0000] "DELETE /api/v1.0.0/profile HTTP/1.1" 200 26 "-" "PostmanRuntime/7.26.3"
::1 - - [07/Jan/2021:15:31:55 +0000] "GET /api/v1.0.0/profile HTTP/1.1" 200 2 "-" "PostmanRuntime/7.26.3"
::1 - - [07/Jan/2021:15:32:12 +0000] "POST /api/v1.0.0/profile HTTP/1.1" 200 773 "-" "PostmanRuntime/7.26.3"
::1 - - [07/Jan/2021:15:39:52 +0000] "POST /api/v1.0.0/auth HTTP/1.1" 400 42 "-" "PostmanRuntime/7.26.3"
::1 - - [07/Jan/2021:15:40:01 +0000] "POST /api/v1.0.0/users HTTP/1.1" 200 491 "-" "PostmanRuntime/7.26.3"
::1 - - [07/Jan/2021:15:42:22 +0000] "POST /api/v1.0.0/auth HTTP/1.1" 200 489 "-" "PostmanRuntime/7.26.3"
::1 - - [07/Jan/2021:15:42:44 +0000] "DELETE /api/v1.0.0/profile HTTP/1.1" 200 26 "-" "PostmanRuntime/7.26.3"
::1 - - [07/Jan/2021:15:42:48 +0000] "DELETE /api/v1.0.0/profile HTTP/1.1" 200 26 "-" "PostmanRuntime/7.26.3"
::1 - - [07/Jan/2021:16:53:47 +0000] "POST /api/v1.0.0/profile HTTP/1.1" 400 140 "-" "PostmanRuntime/7.26.3"
::1 - - [07/Jan/2021:16:54:10 +0000] "POST /api/v1.0.0/profile HTTP/1.1" 200 773 "-" "PostmanRuntime/7.26.3"
::1 - - [07/Jan/2021:17:03:08 +0000] "POST /api/v1.0.0/auth HTTP/1.1" 400 42 "-" "PostmanRuntime/7.26.3"
::1 - - [07/Jan/2021:17:03:32 +0000] "POST /api/v1.0.0/users HTTP/1.1" 200 491 "-" "PostmanRuntime/7.26.3"
::1 - - [07/Jan/2021:17:03:40 +0000] "POST /api/v1.0.0/auth HTTP/1.1" 200 489 "-" "PostmanRuntime/7.26.3"
::1 - - [07/Jan/2021:17:04:44 +0000] "POST /api/v1.0.0/profile HTTP/1.1" 200 773 "-" "PostmanRuntime/7.26.3"
::1 - - [07/Jan/2021:17:08:05 +0000] "PUT /api/v1.0.0/profile/experience HTTP/1.1" 200 957 "-" "PostmanRuntime/7.26.3"
::1 - - [07/Jan/2021:17:42:29 +0000] "DELETE /api/v1.0.0/profile/experience/5ff73ff57904060f4622ff3c HTTP/1.1" 200 746 "-" "PostmanRuntime/7.26.3"
::1 - - [07/Jan/2021:17:43:31 +0000] "PUT /api/v1.0.0/profile/experience HTTP/1.1" 200 957 "-" "PostmanRuntime/7.26.3"
::1 - - [07/Jan/2021:17:43:46 +0000] "DELETE /api/v1.0.0/profile/experience/5ff73ff57904060f4622ff3c HTTP/1.1" 200 746 "-" "PostmanRuntime/7.26.3"
::1 - - [07/Jan/2021:17:44:08 +0000] "DELETE /api/v1.0.0/profile/experience/5ff73ff57904060f4622ff3c HTTP/1.1" 200 746 "-" "PostmanRuntime/7.26.3"
::1 - - [07/Jan/2021:17:44:29 +0000] "PUT /api/v1.0.0/profile/experience HTTP/1.1" 200 957 "-" "PostmanRuntime/7.26.3"
::1 - - [07/Jan/2021:17:44:48 +0000] "DELETE /api/v1.0.0/profile/experience/5ff73ff57904rrrrrrrr HTTP/1.1" 200 746 "-" "PostmanRuntime/7.26.3"
::1 - - [07/Jan/2021:17:46:40 +0000] "PUT /api/v1.0.0/profile/experience HTTP/1.1" 200 957 "-" "PostmanRuntime/7.26.3"
::1 - - [07/Jan/2021:17:47:42 +0000] "DELETE /api/v1.0.0/profile/experience/5ff73ff57904rrrrrrrr HTTP/1.1" 200 746 "-" "PostmanRuntime/7.26.3"
::1 - - [07/Jan/2021:17:48:26 +0000] "PUT /api/v1.0.0/profile/experience HTTP/1.1" 200 958 "-" "PostmanRuntime/7.26.3"
::1 - - [07/Jan/2021:17:48:38 +0000] "DELETE /api/v1.0.0/profile/experience/5ff73ff57904rrrrrrrr HTTP/1.1" 200 958 "-" "PostmanRuntime/7.26.3"
::1 - - [07/Jan/2021:17:49:59 +0000] "DELETE /api/v1.0.0/profile/experience/5ff7496a0ded63148d46ecc7 HTTP/1.1" 200 747 "-" "PostmanRuntime/7.26.3"
::1 - - [07/Jan/2021:17:51:41 +0000] "PUT /api/v1.0.0/profile/experience HTTP/1.1" 200 958 "-" "PostmanRuntime/7.26.3"
::1 - - [07/Jan/2021:17:51:55 +0000] "DELETE /api/v1.0.0/profile/experience/5ff74a2d74467f14f8297ddb HTTP/1.1" 500 26 "-" "PostmanRuntime/7.26.3"
::1 - - [07/Jan/2021:17:53:44 +0000] "PUT /api/v1.0.0/profile/experience HTTP/1.1" 200 1170 "-" "PostmanRuntime/7.26.3"
::1 - - [07/Jan/2021:17:54:03 +0000] "DELETE /api/v1.0.0/profile/experience/5ff74a2d74467f14f8297ddb HTTP/1.1" 200 7 "-" "PostmanRuntime/7.26.3"
::1 - - [07/Jan/2021:17:54:31 +0000] "DELETE /api/v1.0.0/profile/experience/5ff74a2d74467f14f8297ddb HTTP/1.1" 200 7 "-" "PostmanRuntime/7.26.3"
::1 - - [07/Jan/2021:17:55:19 +0000] "DELETE /api/v1.0.0/profile/experience/5ff74a2d74467f14f8297ddb HTTP/1.1" 200 7 "-" "PostmanRuntime/7.26.3"
::1 - - [07/Jan/2021:17:57:11 +0000] "DELETE /api/v1.0.0/profile/experience/5ff74a2d74467f14f8297ddb HTTP/1.1" 200 7 "-" "PostmanRuntime/7.26.3"
::1 - - [07/Jan/2021:17:58:21 +0000] "DELETE /api/v1.0.0/profile/experience/5ff74a2d74467f14f8297ddb HTTP/1.1" 200 7 "-" "PostmanRuntime/7.26.3"
::1 - - [07/Jan/2021:17:58:59 +0000] "DELETE /api/v1.0.0/profile/experience/5ff74a2d74467f14f82 HTTP/1.1" 200 7 "-" "PostmanRuntime/7.26.3"
::1 - - [07/Jan/2021:18:00:24 +0000] "DELETE /api/v1.0.0/profile/experience/5ff74a2d74467f14f82 HTTP/1.1" 200 958 "-" "PostmanRuntime/7.26.3"
::1 - - [07/Jan/2021:18:00:48 +0000] "PUT /api/v1.0.0/profile/experience HTTP/1.1" 200 1170 "-" "PostmanRuntime/7.26.3"
::1 - - [07/Jan/2021:18:00:59 +0000] "DELETE /api/v1.0.0/profile/experience/5ff74a2d74467f14f82 HTTP/1.1" 200 958 "-" "PostmanRuntime/7.26.3"
::1 - - [07/Jan/2021:18:03:21 +0000] "PUT /api/v1.0.0/profile/experience HTTP/1.1" 200 1170 "-" "PostmanRuntime/7.26.3"
::1 - - [07/Jan/2021:18:03:37 +0000] "DELETE /api/v1.0.0/profile/experience/5ff74a2d74467f14f82 HTTP/1.1" 400 30 "-" "PostmanRuntime/7.26.3"
::1 - - [07/Jan/2021:18:04:23 +0000] "DELETE /api/v1.0.0/profile/experience/5ff74ce9cc0cd6184a34b2e9 HTTP/1.1" 200 958 "-" "PostmanRuntime/7.26.3"
::1 - - [07/Jan/2021:18:15:20 +0000] "DELETE /api/v1.0.0/profile/experience/5ff74ce9cc0cd6184a3rrrrrr HTTP/1.1" 500 26 "-" "PostmanRuntime/7.26.3"
::1 - - [07/Jan/2021:18:15:53 +0000] "DELETE /api/v1.0.0/profile/experience/5ff74ce9cc0cd6184a3rrrrrr HTTP/1.1" 400 61 "-" "PostmanRuntime/7.26.3"
::1 - - [07/Jan/2021:18:25:20 +0000] "PUT /api/v1.0.0/profile/experience HTTP/1.1" 400 140 "-" "PostmanRuntime/7.26.3"
::1 - - [07/Jan/2021:18:26:14 +0000] "PUT /api/v1.0.0/profile/education HTTP/1.1" 200 1205 "-" "PostmanRuntime/7.26.3"
::1 - - [07/Jan/2021:18:26:50 +0000] "DELETE /api/v1.0.0/profile/education/5ff73ff57904060f4622ff3c HTTP/1.1" 400 47 "-" "PostmanRuntime/7.26.3"
::1 - - [07/Jan/2021:18:27:19 +0000] "DELETE /api/v1.0.0/profile/education/5ff73ff57904060f4622ff3c HTTP/1.1" 400 62 "-" "PostmanRuntime/7.26.3"
::1 - - [07/Jan/2021:18:27:32 +0000] "DELETE /api/v1.0.0/profile/education/5ff752461bd6de19a60e8d33 HTTP/1.1" 200 958 "-" "PostmanRuntime/7.26.3"
::1 - - [07/Jan/2021:19:05:14 +0000] "GET /api/v1.0.0/profile/github/ HTTP/1.1" 404 165 "-" "PostmanRuntime/7.26.3"
::1 - - [07/Jan/2021:19:05:37 +0000] "GET /api/v1.0.0/profile/github/dreamdeveloper002 HTTP/1.1" 200 28253 "-" "PostmanRuntime/7.26.3"
::1 - - [07/Jan/2021:22:42:33 +0000] "POST /api/v1.0.0/post HTTP/1.1" 404 155 "-" "PostmanRuntime/7.26.3"
::1 - - [07/Jan/2021:22:42:49 +0000] "POST /api/v1.0.0/posts HTTP/1.1" 404 156 "-" "PostmanRuntime/7.26.3"
::1 - - [07/Jan/2021:22:42:51 +0000] "POST /api/v1.0.0/posts HTTP/1.1" 404 156 "-" "PostmanRuntime/7.26.3"
::1 - - [07/Jan/2021:22:44:06 +0000] "POST /api/v1.0.0/posts HTTP/1.1" 404 156 "-" "PostmanRuntime/7.26.3"
::1 - - [07/Jan/2021:22:44:41 +0000] "POST /api/v1.0.0/posts HTTP/1.1" 400 72 "-" "PostmanRuntime/7.26.3"
::1 - - [07/Jan/2021:22:45:25 +0000] "POST /api/v1.0.0/posts HTTP/1.1" 200 541 "-" "PostmanRuntime/7.26.3"
::1 - - [08/Jan/2021:11:32:05 +0000] "POST /api/v1.0.0/posts HTTP/1.1" 200 541 "-" "PostmanRuntime/7.26.3"
::1 - - [08/Jan/2021:11:32:36 +0000] "GET /api/v1.0.0/posts/ff842b5154e1306095f340c HTTP/1.1" 400 24 "-" "PostmanRuntime/7.26.3"
::1 - - [08/Jan/2021:11:33:36 +0000] "POST /api/v1.0.0/posts/ff842b5154e1306095f340c HTTP/1.1" 404 180 "-" "PostmanRuntime/7.26.3"
::1 - - [08/Jan/2021:11:33:42 +0000] "POST /api/v1.0.0/posts HTTP/1.1" 200 541 "-" "PostmanRuntime/7.26.3"
::1 - - [08/Jan/2021:11:34:06 +0000] "GET /api/v1.0.0/posts/5ff84316154e1306095f340d HTTP/1.1" 500 26 "-" "PostmanRuntime/7.26.3"
::1 - - [08/Jan/2021:11:34:49 +0000] "GET /api/v1.0.0/posts/5ff84316154e1306095f340d HTTP/1.1" 200 541 "-" "PostmanRuntime/7.26.3"
::1 - - [08/Jan/2021:11:52:07 +0000] "POST /api/v1.0.0/posts HTTP/1.1" 200 541 "-" "PostmanRuntime/7.26.3"
::1 - - [08/Jan/2021:11:52:43 +0000] "DELETE /api/v1.0.0/posts/5ff8476620236e08ec59a38d HTTP/1.1" 200 22 "-" "PostmanRuntime/7.26.3"
::1 - - [08/Jan/2021:11:53:35 +0000] "GET /api/v1.0.0/posts HTTP/1.1" 500 26 "-" "PostmanRuntime/7.26.3"
::1 - - [08/Jan/2021:11:54:01 +0000] "GET /api/v1.0.0/posts HTTP/1.1" 200 1627 "-" "PostmanRuntime/7.26.3"
::1 - - [08/Jan/2021:12:23:02 +0000] "PUT /api/v1.0.0/posts/like/5ff842b5154e1306095f340c HTTP/1.1" 200 70 "-" "PostmanRuntime/7.26.3"
::1 - - [08/Jan/2021:12:23:17 +0000] "PUT /api/v1.0.0/posts/like/5ff842b5154e1306095f340c HTTP/1.1" 400 28 "-" "PostmanRuntime/7.26.3"
::1 - - [08/Jan/2021:12:24:13 +0000] "GET /api/v1.0.0/posts HTTP/1.1" 200 1695 "-" "PostmanRuntime/7.26.3"
::1 - - [08/Jan/2021:12:57:28 +0000] "PUT /api/v1.0.0/posts/unlike/5ff842b5154e1306095f340c HTTP/1.1" 200 70 "-" "PostmanRuntime/7.26.3"
::1 - - [08/Jan/2021:12:58:16 +0000] "GET /api/v1.0.0/posts HTTP/1.1" 200 1695 "-" "PostmanRuntime/7.26.3"
::1 - - [08/Jan/2021:12:58:48 +0000] "PUT /api/v1.0.0/posts/unlike/5ff842b5154e1306095f340c HTTP/1.1" 200 70 "-" "PostmanRuntime/7.26.3"
::1 - - [08/Jan/2021:12:58:53 +0000] "GET /api/v1.0.0/posts HTTP/1.1" 200 1695 "-" "PostmanRuntime/7.26.3"
::1 - - [08/Jan/2021:13:00:03 +0000] "PUT /api/v1.0.0/posts/unlike/5ff842b5154e1306095f340c HTTP/1.1" 200 70 "-" "PostmanRuntime/7.26.3"
::1 - - [08/Jan/2021:13:00:41 +0000] "GET /api/v1.0.0/posts HTTP/1.1" 200 1695 "-" "PostmanRuntime/7.26.3"
::1 - - [08/Jan/2021:13:03:37 +0000] "POST /api/v1.0.0/auth HTTP/1.1" 200 489 "-" "PostmanRuntime/7.26.3"
::1 - - [08/Jan/2021:13:04:17 +0000] "PUT /api/v1.0.0/posts/unlike/5ff842b5154e1306095f340c HTTP/1.1" 200 70 "-" "PostmanRuntime/7.26.3"
::1 - - [08/Jan/2021:13:04:21 +0000] "PUT /api/v1.0.0/posts/unlike/5ff842b5154e1306095f340c HTTP/1.1" 200 70 "-" "PostmanRuntime/7.26.3"
::1 - - [08/Jan/2021:13:04:55 +0000] "PUT /api/v1.0.0/posts/unlike/5ff842b5154e1306095f340c HTTP/1.1" 200 70 "-" "PostmanRuntime/7.26.3"
::1 - - [08/Jan/2021:13:09:04 +0000] "PUT /api/v1.0.0/posts/unlike/5ff842b5154e1306095f340c HTTP/1.1" 200 2 "-" "PostmanRuntime/7.26.3"
::1 - - [08/Jan/2021:13:11:21 +0000] "PUT /api/v1.0.0/posts/unlike/5ff842b5154e1306095f340c HTTP/1.1" 400 34 "-" "PostmanRuntime/7.26.3"
::1 - - [08/Jan/2021:22:07:15 +0000] "PUT /api/v1.0.0/posts/comment/5ff842b5154e1306095f340c HTTP/1.1" 200 510 "-" "PostmanRuntime/7.26.3"
::1 - - [08/Jan/2021:22:40:57 +0000] "PUT /api/v1.0.0/posts/comment/5ff842b5154e1306095f340c HTTP/1.1" 200 1019 "-" "PostmanRuntime/7.26.3"
::1 - - [08/Jan/2021:22:41:06 +0000] "PUT /api/v1.0.0/posts/comment/5ff842b5154e1306095f340c HTTP/1.1" 200 1528 "-" "PostmanRuntime/7.26.3"
::1 - - [08/Jan/2021:22:41:24 +0000] "GET /api/v1.0.0/posts HTTP/1.1" 200 3153 "-" "PostmanRuntime/7.26.3"
::1 - - [08/Jan/2021:22:42:53 +0000] "DELETE /api/v1.0.0/posts/comment/5ff842b5154e1306095f340c/5ff8df8289a67422442af578 HTTP/1.1" 200 1019 "-" "PostmanRuntime/7.26.3"
::1 - - [08/Jan/2021:22:45:40 +0000] "DELETE /api/v1.0.0/posts/comment/5ff842b5154e1306095f340c/5ff8df8289a67422442af578 HTTP/1.1" 404 32 "-" "PostmanRuntime/7.26.3"
::1 - - [08/Jan/2021:22:47:07 +0000] "GET /api/v1.0.0/posts HTTP/1.1" 200 2644 "-" "PostmanRuntime/7.26.3"
::1 - - [08/Jan/2021:22:48:40 +0000] "PUT /api/v1.0.0/posts/comment/5ff842b5154e1306095f340c/5ff8df7989a67422442af577 HTTP/1.1" 404 213 "-" "PostmanRuntime/7.26.3"
::1 - - [08/Jan/2021:22:48:48 +0000] "DELETE /api/v1.0.0/posts/comment/5ff842b5154e1306095f340c/5ff8df7989a67422442af577 HTTP/1.1" 200 510 "-" "PostmanRuntime/7.26.3"
::1 - - [08/Jan/2021:22:49:25 +0000] "DELETE /api/v1.0.0/posts HTTP/1.1" 404 158 "-" "PostmanRuntime/7.26.3"
::1 - - [08/Jan/2021:22:49:29 +0000] "GET /api/v1.0.0/posts HTTP/1.1" 200 2135 "-" "PostmanRuntime/7.26.3"
::1 - - [08/Jan/2021:22:49:54 +0000] "PUT /api/v1.0.0/posts/comment/5ff842b5154e1306095f340c HTTP/1.1" 200 1019 "-" "PostmanRuntime/7.26.3"
::1 - - [08/Jan/2021:22:49:59 +0000] "PUT /api/v1.0.0/posts/comment/5ff842b5154e1306095f340c HTTP/1.1" 200 1528 "-" "PostmanRuntime/7.26.3"
::1 - - [08/Jan/2021:22:50:13 +0000] "GET /api/v1.0.0/posts HTTP/1.1" 200 3153 "-" "PostmanRuntime/7.26.3"
::1 - - [08/Jan/2021:22:50:56 +0000] "GET /api/v1.0.0/posts/comment/5ff842b5154e1306095f340c/5ff8df7989a67422442af577 HTTP/1.1" 404 213 "-" "PostmanRuntime/7.26.3"
::1 - - [08/Jan/2021:22:51:02 +0000] "DELETE /api/v1.0.0/posts/comment/5ff842b5154e1306095f340c/5ff8df7989a67422442af577 HTTP/1.1" 200 1019 "-" "PostmanRuntime/7.26.3"
::1 - - [08/Jan/2021:22:51:27 +0000] "DELETE /api/v1.0.0/posts/comment/5ff842b5154e1306095f340c/ff8e197b4e7e22319bd64f4 HTTP/1.1" 404 32 "-" "PostmanRuntime/7.26.3"
::1 - - [08/Jan/2021:22:51:54 +0000] "GET /api/v1.0.0/posts HTTP/1.1" 200 2645 "-" "PostmanRuntime/7.26.3"
::1 - - [08/Jan/2021:22:52:35 +0000] "DELETE /api/v1.0.0/posts/comment/5ff842b5154e1306095f340c/5ff8e197b4e7e22319bd64f4 HTTP/1.1" 200 510 "-" "PostmanRuntime/7.26.3"
::1 - - [08/Jan/2021:22:53:03 +0000] "DELETE /api/v1.0.0/posts/comment/5ff842b5154e1306095f340c/5ff8e197b4e7e22319bd6 HTTP/1.1" 404 32 "-" "PostmanRuntime/7.26.3"
::1 - - [08/Jan/2021:22:53:46 +0000] "PUT /api/v1.0.0/posts/comment/5ff842b5154e1306095f340c HTTP/1.1" 200 1019 "-" "PostmanRuntime/7.26.3"
::1 - - [08/Jan/2021:22:53:47 +0000] "PUT /api/v1.0.0/posts/comment/5ff842b5154e1306095f340c HTTP/1.1" 200 1528 "-" "PostmanRuntime/7.26.3"
::1 - - [08/Jan/2021:22:53:48 +0000] "PUT /api/v1.0.0/posts/comment/5ff842b5154e1306095f340c HTTP/1.1" 200 2037 "-" "PostmanRuntime/7.26.3"
::1 - - [08/Jan/2021:22:53:49 +0000] "PUT /api/v1.0.0/posts/comment/5ff842b5154e1306095f340c HTTP/1.1" 200 2546 "-" "PostmanRuntime/7.26.3"
::1 - - [08/Jan/2021:22:54:05 +0000] "GET /api/v1.0.0/posts HTTP/1.1" 200 4172 "-" "PostmanRuntime/7.26.3"
::1 - - [08/Jan/2021:22:54:44 +0000] "GET /api/v1.0.0/posts/comment/5ff842b5154e1306095f340c/5ff8e27ab4e7e22319bd64f5 HTTP/1.1" 404 213 "-" "PostmanRuntime/7.26.3"
::1 - - [08/Jan/2021:22:54:50 +0000] "DELETE /api/v1.0.0/posts/comment/5ff842b5154e1306095f340c/5ff8e27ab4e7e22319bd64f5 HTTP/1.1" 200 2037 "-" "PostmanRuntime/7.26.3"
::1 - - [08/Jan/2021:22:55:27 +0000] "DELETE /api/v1.0.0/posts/comment/5ff842b5154e1306095f340c/5ff8e27bb4e7e22319bd64f6 HTTP/1.1" 200 1528 "-" "PostmanRuntime/7.26.3"
::1 - - [08/Jan/2021:22:56:13 +0000] "DELETE /api/v1.0.0/posts/comment/5ff842b5154e1306095f340c/5ff8e27bb4e7e22319bd64f6 HTTP/1.1" 200 1019 "-" "PostmanRuntime/7.26.3"
::1 - - [08/Jan/2021:22:56:36 +0000] "DELETE /api/v1.0.0/posts/comment/5ff842b5154e1306095f340c/5ff8e27bb4e7e22319bd64f6 HTTP/1.1" 200 510 "-" "PostmanRuntime/7.26.3"
::1 - - [08/Jan/2021:22:57:29 +0000] "PUT /api/v1.0.0/posts/comment/5ff842b5154e1306095f340c HTTP/1.1" 200 1019 "-" "PostmanRuntime/7.26.3"
::1 - - [08/Jan/2021:22:57:30 +0000] "PUT /api/v1.0.0/posts/comment/5ff842b5154e1306095f340c HTTP/1.1" 200 1528 "-" "PostmanRuntime/7.26.3"
::1 - - [08/Jan/2021:22:57:31 +0000] "PUT /api/v1.0.0/posts/comment/5ff842b5154e1306095f340c HTTP/1.1" 200 2037 "-" "PostmanRuntime/7.26.3"
::1 - - [08/Jan/2021:22:57:32 +0000] "PUT /api/v1.0.0/posts/comment/5ff842b5154e1306095f340c HTTP/1.1" 200 2546 "-" "PostmanRuntime/7.26.3"
::1 - - [08/Jan/2021:22:57:33 +0000] "PUT /api/v1.0.0/posts/comment/5ff842b5154e1306095f340c HTTP/1.1" 200 3055 "-" "PostmanRuntime/7.26.3"
::1 - - [08/Jan/2021:22:57:34 +0000] "PUT /api/v1.0.0/posts/comment/5ff842b5154e1306095f340c HTTP/1.1" 200 3564 "-" "PostmanRuntime/7.26.3"
::1 - - [08/Jan/2021:22:57:49 +0000] "DELETE /api/v1.0.0/posts HTTP/1.1" 404 158 "-" "PostmanRuntime/7.26.3"
::1 - - [08/Jan/2021:22:57:54 +0000] "GET /api/v1.0.0/posts HTTP/1.1" 200 5190 "-" "PostmanRuntime/7.26.3"
::1 - - [08/Jan/2021:22:58:42 +0000] "DELETE /api/v1.0.0/posts/comment/5ff842b5154e1306095f340c/5ff8e3594128d6236f857c64 HTTP/1.1" 200 3055 "-" "PostmanRuntime/7.26.3"
::1 - - [08/Jan/2021:22:59:20 +0000] "DELETE /api/v1.0.0/posts/comment/5ff842b5154e1306095f340c/5ff8e3594128d6236f857c64 HTTP/1.1" 200 2546 "-" "PostmanRuntime/7.26.3"
::1 - - [08/Jan/2021:22:59:38 +0000] "DELETE /api/v1.0.0/posts/comment/5ff842b5154e1306095f340c/5ff8e3594128d6236f857c64 HTTP/1.1" 200 2037 "-" "PostmanRuntime/7.26.3"
::1 - - [08/Jan/2021:23:00:35 +0000] "DELETE /api/v1.0.0/posts/comment/5ff842b5154e1306095f340c/5ff8e3594128d6236f857c64 HTTP/1.1" 200 1528 "-" "PostmanRuntime/7.26.3"
::1 - - [08/Jan/2021:23:05:17 +0000] "DELETE /api/v1.0.0/posts/comment/5ff842b5154e1306095f340c/5ff8e3594128d6236f857c64 HTTP/1.1" 200 1019 "-" "PostmanRuntime/7.26.3"
::1 - - [08/Jan/2021:23:06:00 +0000] "DELETE /api/v1.0.0/posts/comment/5ff842b5154e1306095f340c/5ff8e35a4128d6236f857c65 HTTP/1.1" 200 510 "-" "PostmanRuntime/7.26.3"
::1 - - [08/Jan/2021:23:06:13 +0000] "DELETE /api/v1.0.0/posts/comment/5ff842b5154e1306095f340c/5ff8e35a4128d6236f85 HTTP/1.1" 404 32 "-" "PostmanRuntime/7.26.3"
